D:\dkhaywood\svn\svn.berlios.de\trunk\workspace\de.berlios.rcpviewer.domain\src\de\berlios\rcpviewer\domain\Department.java
D:\dkhaywood\svn\svn.berlios.de\trunk\workspace\de.berlios.rcpviewer.domain\src\de\berlios\rcpviewer\progmodel\standard\Derived.java
D:\dkhaywood\svn\svn.berlios.de\trunk\workspace\de.berlios.rcpviewer.domain\src\de\berlios\rcpviewer\progmodel\rcpviewer\ImageUrlAt.java
D:\dkhaywood\svn\svn.berlios.de\trunk\workspace\de.berlios.rcpviewer.domain\src\de\berlios\rcpviewer\domain\Constants.java
D:\dkhaywood\svn\svn.berlios.de\trunk\workspace\de.berlios.rcpviewer.domain\src\de\berlios\rcpviewer\progmodel\standard\impl\DomainMarker.java
D:\dkhaywood\svn\svn.berlios.de\trunk\workspace\de.berlios.rcpviewer.domain\src\de\berlios\rcpviewer\session\ISessionListener.java
D:\dkhaywood\svn\svn.berlios.de\trunk\workspace\de.berlios.rcpviewer.domain\src\de\berlios\rcpviewer\progmodel\standard\impl\package-info.java
D:\dkhaywood\svn\svn.berlios.de\trunk\workspace\de.berlios.rcpviewer.domain\src\de\berlios\rcpviewer\domain\II18nData.java
D:\dkhaywood\svn\svn.berlios.de\trunk\workspace\de.berlios.rcpviewer.domain\src\de\berlios\rcpviewer\progmodel\extended\AttributeComparatorAdapterFactory.java
D:\dkhaywood\svn\svn.berlios.de\trunk\workspace\de.berlios.rcpviewer.domain\src\de\berlios\rcpviewer\persistence\package-info.java
D:\dkhaywood\svn\svn.berlios.de\trunk\workspace\de.berlios.rcpviewer.domain\src\de\berlios\rcpviewer\session\SessionEvent.java
D:\dkhaywood\svn\svn.berlios.de\trunk\workspace\de.berlios.rcpviewer.domain\src\de\berlios\rcpviewer\domain\LinkSemanticsType.java
D:\dkhaywood\svn\svn.berlios.de\trunk\workspace\de.berlios.rcpviewer.domain\src\de\berlios\rcpviewer\progmodel\standard\StandardProgModelExtension.java
D:\dkhaywood\svn\svn.berlios.de\trunk\workspace\de.berlios.rcpviewer.domain\src\de\berlios\rcpviewer\domain\IAdapterFactory.java
D:\dkhaywood\svn\svn.berlios.de\trunk\workspace\de.berlios.rcpviewer.domain\src\de\berlios\rcpviewer\impl\DependencyInjectionAspect.aj
D:\dkhaywood\svn\svn.berlios.de\trunk\workspace\de.berlios.rcpviewer.domain\src\de\berlios\rcpviewer\progmodel\extended\package-info.java
D:\dkhaywood\svn\svn.berlios.de\trunk\workspace\de.berlios.rcpviewer.domain\src\de\berlios\rcpviewer\domain\References.java
D:\dkhaywood\svn\svn.berlios.de\trunk\workspace\de.berlios.rcpviewer.domain\src\de\berlios\rcpviewer\session\DomainObjectReferenceEvent.java
D:\dkhaywood\svn\svn.berlios.de\trunk\workspace\de.berlios.rcpviewer.domain\src\de\berlios\rcpviewer\session\package-info.java
D:\dkhaywood\svn\svn.berlios.de\trunk\workspace\de.berlios.rcpviewer.domain\src\de\berlios\rcpviewer\persistence\inmemory\InMemoryObjectStore.java
D:\dkhaywood\svn\svn.berlios.de\trunk\workspace\de.berlios.rcpviewer.domain\src\de\berlios\rcpviewer\session\IDomainObject.java
D:\dkhaywood\svn\svn.berlios.de\trunk\workspace\de.berlios.rcpviewer.domain\src\de\berlios\rcpviewer\progmodel\rcpviewer\package-info.java
D:\dkhaywood\svn\svn.berlios.de\trunk\workspace\de.berlios.rcpviewer.domain\src\de\berlios\rcpviewer\persistence\inmemory\package-info.java
D:\dkhaywood\svn\svn.berlios.de\trunk\workspace\de.berlios.rcpviewer.domain\src\de\berlios\rcpviewer\domain\OperationKind.java
D:\dkhaywood\svn\svn.berlios.de\trunk\workspace\de.berlios.rcpviewer.domain\src\de\berlios\rcpviewer\session\ISessionAware.java
D:\dkhaywood\svn\svn.berlios.de\trunk\workspace\de.berlios.rcpviewer.domain\src\de\berlios\rcpviewer\domain\IDomainListener.java
D:\dkhaywood\svn\svn.berlios.de\trunk\workspace\de.berlios.rcpviewer.domain\src\de\berlios\rcpviewer\progmodel\standard\UpperBoundOf.java
D:\dkhaywood\svn\svn.berlios.de\trunk\workspace\de.berlios.rcpviewer.domain\src\de\berlios\rcpviewer\progmodel\standard\Constants.java
D:\dkhaywood\svn\svn.berlios.de\trunk\workspace\de.berlios.rcpviewer.domain\src\de\berlios\rcpviewer\progmodel\standard\Named.java
D:\dkhaywood\svn\svn.berlios.de\trunk\workspace\de.berlios.rcpviewer.domain\src\de\berlios\rcpviewer\domain\package-info.java
D:\dkhaywood\svn\svn.berlios.de\trunk\workspace\de.berlios.rcpviewer.domain\src\de\berlios\rcpviewer\domain\IDomainClass.java
D:\dkhaywood\svn\svn.berlios.de\trunk\workspace\de.berlios.rcpviewer.domain\src\de\berlios\rcpviewer\session\SessionObjectEvent.java
D:\dkhaywood\svn\svn.berlios.de\trunk\workspace\de.berlios.rcpviewer.domain\src\de\berlios\rcpviewer\progmodel\package-info.java
D:\dkhaywood\svn\svn.berlios.de\trunk\workspace\de.berlios.rcpviewer.domain\src\de\berlios\rcpviewer\progmodel\ProgrammingModelException.java
D:\dkhaywood\svn\svn.berlios.de\trunk\workspace\de.berlios.rcpviewer.domain\src\de\berlios\rcpviewer\progmodel\standard\EnsureMemberBelongsToDomainClassAspect.aj
D:\dkhaywood\svn\svn.berlios.de\trunk\workspace\de.berlios.rcpviewer.domain\src\de\berlios\rcpviewer\progmodel\standard\Container.java
D:\dkhaywood\svn\svn.berlios.de\trunk\workspace\de.berlios.rcpviewer.domain\src\de\berlios\rcpviewer\domain\TestDomainClass.java
D:\dkhaywood\svn\svn.berlios.de\trunk\workspace\de.berlios.rcpviewer.domain\src\de\berlios\rcpviewer\persistence\IObjectStoreAware.java
D:\dkhaywood\svn\svn.berlios.de\trunk\workspace\de.berlios.rcpviewer.domain\src\de\berlios\rcpviewer\progmodel\standard\InDomain.java
D:\dkhaywood\svn\svn.berlios.de\trunk\workspace\de.berlios.rcpviewer.domain\src\de\berlios\rcpviewer\session\local\package-info.java
D:\dkhaywood\svn\svn.berlios.de\trunk\workspace\de.berlios.rcpviewer.domain\src\de\berlios\rcpviewer\domain\Constraint.java
D:\dkhaywood\svn\svn.berlios.de\trunk\workspace\de.berlios.rcpviewer.domain\src\de\berlios\rcpviewer\progmodel\extended\Constants.java
D:\dkhaywood\svn\svn.berlios.de\trunk\workspace\de.berlios.rcpviewer.domain\src\de\berlios\rcpviewer\session\local\Session.java
D:\dkhaywood\svn\svn.berlios.de\trunk\workspace\de.berlios.rcpviewer.domain\src\de\berlios\rcpviewer\progmodel\extended\OperationComparator.java
D:\dkhaywood\svn\svn.berlios.de\trunk\workspace\de.berlios.rcpviewer.domain\src\de\berlios\rcpviewer\domain\IDomainAnalyzer.java
D:\dkhaywood\svn\svn.berlios.de\trunk\workspace\de.berlios.rcpviewer.domain\src\de\berlios\rcpviewer\CorePlugin.java
D:\dkhaywood\svn\svn.berlios.de\trunk\workspace\de.berlios.rcpviewer.domain\src\de\berlios\rcpviewer\progmodel\standard\Programmatic.java
D:\dkhaywood\svn\svn.berlios.de\trunk\workspace\de.berlios.rcpviewer.domain\src\de\berlios\rcpviewer\session\DomainObjectAttributeEvent.java
D:\dkhaywood\svn\svn.berlios.de\trunk\workspace\de.berlios.rcpviewer.domain\src\de\berlios\rcpviewer\progmodel\standard\DescribedAs.java
D:\dkhaywood\svn\svn.berlios.de\trunk\workspace\de.berlios.rcpviewer.domain\src\de\berlios\rcpviewer\progmodel\standard\Immutable.java
D:\dkhaywood\svn\svn.berlios.de\trunk\workspace\de.berlios.rcpviewer.domain\src\de\berlios\rcpviewer\progmodel\standard\NamingConventions.java
D:\dkhaywood\svn\svn.berlios.de\trunk\workspace\de.berlios.rcpviewer.domain\src\de\berlios\rcpviewer\domain\Domain.java
D:\dkhaywood\svn\svn.berlios.de\trunk\workspace\de.berlios.rcpviewer.domain\src\de\berlios\rcpviewer\domain\MethodNameHelper.java
D:\dkhaywood\svn\svn.berlios.de\trunk\workspace\de.berlios.rcpviewer.domain\src\de\berlios\rcpviewer\progmodel\standard\Associates.java
D:\dkhaywood\svn\svn.berlios.de\trunk\workspace\de.berlios.rcpviewer.domain\src\de\berlios\rcpviewer\domain\Employee.java
D:\dkhaywood\svn\svn.berlios.de\trunk\workspace\de.berlios.rcpviewer.domain\src\de\berlios\rcpviewer\persistence\IObjectStore.java
D:\dkhaywood\svn\svn.berlios.de\trunk\workspace\de.berlios.rcpviewer.domain\src\de\berlios\rcpviewer\progmodel\standard\EnsureParameterPositionIsInRangeAspect.aj
D:\dkhaywood\svn\svn.berlios.de\trunk\workspace\de.berlios.rcpviewer.domain\src\de\berlios\rcpviewer\domain\EmfFacade.java
D:\dkhaywood\svn\svn.berlios.de\trunk\workspace\de.berlios.rcpviewer.domain\src\de\berlios\rcpviewer\session\ISession.java
D:\dkhaywood\svn\svn.berlios.de\trunk\workspace\de.berlios.rcpviewer.domain\src\de\berlios\rcpviewer\session\DomainObjectEvent.java
D:\dkhaywood\svn\svn.berlios.de\trunk\workspace\de.berlios.rcpviewer.domain\src\de\berlios\rcpviewer\domain\I18nData.java
D:\dkhaywood\svn\svn.berlios.de\trunk\workspace\de.berlios.rcpviewer.domain\src\de\berlios\rcpviewer\progmodel\standard\DomainObject.java
D:\dkhaywood\svn\svn.berlios.de\trunk\workspace\de.berlios.rcpviewer.domain\src\de\berlios\rcpviewer\progmodel\standard\DomainClass.java
D:\dkhaywood\svn\svn.berlios.de\trunk\workspace\de.berlios.rcpviewer.domain\src\de\berlios\rcpviewer\progmodel\standard\LowerBoundOf.java
D:\dkhaywood\svn\svn.berlios.de\trunk\workspace\de.berlios.rcpviewer.domain\src\de\berlios\rcpviewer\session\IWrapperAware.java
D:\dkhaywood\svn\svn.berlios.de\trunk\workspace\de.berlios.rcpviewer.domain\src\de\berlios\rcpviewer\progmodel\rcpviewer\ImageDescriptorAdapterFactory.java
D:\dkhaywood\svn\svn.berlios.de\trunk\workspace\de.berlios.rcpviewer.domain\src\de\berlios\rcpviewer\domain\DomainEvent.java
D:\dkhaywood\svn\svn.berlios.de\trunk\workspace\de.berlios.rcpviewer.domain\src\de\berlios\rcpviewer\progmodel\extended\AttributeComparator.java
D:\dkhaywood\svn\svn.berlios.de\trunk\workspace\de.berlios.rcpviewer.domain\src\de\berlios\rcpviewer\progmodel\extended\ExtendedProgModelExtension.java
D:\dkhaywood\svn\svn.berlios.de\trunk\workspace\de.berlios.rcpviewer.domain\src\de\berlios\rcpviewer\session\IWrapper.java
D:\dkhaywood\svn\svn.berlios.de\trunk\workspace\de.berlios.rcpviewer.domain\src\de\berlios\rcpviewer\progmodel\extended\PositionedAt.java
D:\dkhaywood\svn\svn.berlios.de\trunk\workspace\de.berlios.rcpviewer.domain\src\de\berlios\rcpviewer\progmodel\standard\Value.java
D:\dkhaywood\svn\svn.berlios.de\trunk\workspace\de.berlios.rcpviewer.domain\src\de\berlios\rcpviewer\progmodel\standard\package-info.java
D:\dkhaywood\svn\svn.berlios.de\trunk\workspace\de.berlios.rcpviewer.domain\src\de\berlios\rcpviewer\session\IDomainObjectListener.java
D:\dkhaywood\svn\svn.berlios.de\trunk\workspace\de.berlios.rcpviewer.domain\src\de\berlios\rcpviewer\progmodel\standard\Unique.java
D:\dkhaywood\svn\svn.berlios.de\trunk\workspace\de.berlios.rcpviewer.domain\src\de\berlios\rcpviewer\domain\EmfFacadeAware.java
D:\dkhaywood\svn\svn.berlios.de\trunk\workspace\de.berlios.rcpviewer.domain\src\de\berlios\rcpviewer\progmodel\rcpviewer\RcpViewerExtension.java
D:\dkhaywood\svn\svn.berlios.de\trunk\workspace\de.berlios.rcpviewer.domain\src\de\berlios\rcpviewer\impl\package-info.java
D:\dkhaywood\svn\svn.berlios.de\trunk\workspace\de.berlios.rcpviewer.domain\src\de\berlios\rcpviewer\domain\DomainClassEvent.java
D:\dkhaywood\svn\svn.berlios.de\trunk\workspace\de.berlios.rcpviewer.domain\src\de\berlios\rcpviewer\progmodel\standard\Ordered.java
D:\dkhaywood\svn\svn.berlios.de\trunk\workspace\de.berlios.rcpviewer.domain\src\de\berlios\rcpviewer\progmodel\standard\impl\ValueMarker.java
